initialized directories
------------------------------------
unpacked START final submission archive
------------------------------------
make db
tar xfz final.tgz final
Creating db file ...
if [ -e "db" ]; then cp -p db db.`perl -e "print time()"`; fi
/hdc/var/www/v3/emnlp2017/www/sclem/manager/aclpub/all/bin/manage-db.pl create
Counting pages for final/5/5_Paper.pdf ...
Counting pages for final/8/8_Paper.pdf ...
Counting pages for final/9/9_Paper.pdf ...
Counting pages for final/10/10_Paper.pdf ...
Counting pages for final/12/12_Paper.pdf ...
Counting pages for final/13/13_Paper.pdf ...
Counting pages for final/14/14_Paper.pdf ...
Counting pages for final/15/15_Paper.pdf ...
Counting pages for final/16/16_Paper.pdf ...
Counting pages for final/17/17_Paper.pdf ...
Counting pages for final/18/18_Paper.pdf ...
Counting pages for final/19/19_Paper.pdf ...
Counting pages for final/20/20_Paper.pdf ...
Counting pages for final/22/22_Paper.pdf ...
Counting pages for final/23/23_Paper.pdf ...
Counting pages for final/24/24_Paper.pdf ...
Counting pages for final/25/25_Paper.pdf ...
Counting pages for final/27/27_Paper.pdf ...
Counting pages for final/28/28_Paper.pdf ...
Counting pages for final/31/31_Paper.pdf ...
Counting pages for final/32/32_Paper.pdf ...
Counting pages for final/34/34_Paper.pdf ...
Counting pages for final/37/37_Paper.pdf ...
Counting pages for final/38/38_Paper.pdf ...
Note: You may want to create an order file	with "make get-order"
------------------------------------
Fixed margins in the db file
------------------------------------
make get-order
/hdc/var/www/v3/emnlp2017/www/sclem/manager/aclpub/all/bin/manage-db.pl get-order > order
Now you can edit the order file if you like.
------------------------------------
created the order file from text
------------------------------------
created the meta file
------------------------------------
touched the order file
------------------------------------
make draft
echo '\def\draftflag{1}' > draftflag.sty
cp /hdc/var/www/v3/emnlp2017/www/sclem/manager/aclpub/all/templates/book.tex book.tex  # !!! shouldn't just copy
cp /hdc/var/www/v3/emnlp2017/www/sclem/manager/aclpub/all/templates/citation-stamp.tex citation-stamp.tex  # !!! shouldn't just copy
cp /hdc/var/www/v3/emnlp2017/www/sclem/manager/aclpub/all/templates/titlepage.tex titlepage.tex  # !!! shouldn't just copy
quietly running pdflatex titlepage.tex ...
This is pdfTeXk, Version 3.141592-1.40.3 (Web2C 7.5.6)
 \write18 enabled.
 %&-line parsing enabled.
entering extended mode
cp /hdc/var/www/v3/emnlp2017/www/sclem/manager/aclpub/all/templates/copyright.tex copyright.tex  # !!! shouldn't just copy
quietly running pdflatex copyright.tex ...
This is pdfTeXk, Version 3.141592-1.40.3 (Web2C 7.5.6)
 \write18 enabled.
 %&-line parsing enabled.
entering extended mode
cp /hdc/var/www/v3/emnlp2017/www/sclem/manager/aclpub/all/templates/preface.tex preface.tex  # !!! shouldn't just copy
quietly running pdflatex preface.tex ...
This is pdfTeXk, Version 3.141592-1.40.3 (Web2C 7.5.6)
 \write18 enabled.
 %&-line parsing enabled.
entering extended mode
cp /hdc/var/www/v3/emnlp2017/www/sclem/manager/aclpub/all/templates/organizers.tex organizers.tex  # !!! shouldn't just copy
quietly running pdflatex organizers.tex ...
This is pdfTeXk, Version 3.141592-1.40.3 (Web2C 7.5.6)
 \write18 enabled.
 %&-line parsing enabled.
entering extended mode
Restructuring db file based on order file ...
unknown paper id in order: 11 at /hdc/var/www/v3/emnlp2017/www/sclem/manager/aclpub/all/bin/manage-db.pl line 283, <STDIN> line 19.
make[1]: *** [db] Error 255
make: *** [draft] Error 2
------------------------------------
make shipout
echo '\def\draftflag{0}' > draftflag.sty
Restructuring db file based on order file ...
unknown paper id in order: 11 at /hdc/var/www/v3/emnlp2017/www/sclem/manager/aclpub/all/bin/manage-db.pl line 283, <STDIN> line 19.
make[1]: *** [db] Error 255
make: *** [shipout] Error 2
------------------------------------
make cdrom
Restructuring db file based on order file ...
unknown paper id in order: 11 at /hdc/var/www/v3/emnlp2017/www/sclem/manager/aclpub/all/bin/manage-db.pl line 283, <STDIN> line 19.
make: *** [db] Error 255
------------------------------------
make advertisement
Restructuring db file based on order file ...
unknown paper id in order: 11 at /hdc/var/www/v3/emnlp2017/www/sclem/manager/aclpub/all/bin/manage-db.pl line 283, <STDIN> line 19.
make: *** [db] Error 255
------------------------------------
make all
Restructuring db file based on order file ...
unknown paper id in order: 11 at /hdc/var/www/v3/emnlp2017/www/sclem/manager/aclpub/all/bin/manage-db.pl line 283, <STDIN> line 19.
make[1]: *** [db] Error 255
make: *** [shipout] Error 2
------------------------------------
customized program.tex
------------------------------------
running the final rule again
make all
Restructuring db file based on order file ...
unknown paper id in order: 11 at /hdc/var/www/v3/emnlp2017/www/sclem/manager/aclpub/all/bin/manage-db.pl line 283, <STDIN> line 19.
make[1]: *** [db] Error 255
make: *** [shipout] Error 2
