This is pdfTeXk, Version 3.141592-1.40.3 (Web2C 7.5.6) (format=pdflatex 2015.11.7)  12 AUG 2017 15:11
entering extended mode
 %&-line parsing enabled.
**frontmatter
(./frontmatter.tex
LaTeX2e <2005/12/01>
Babel <v3.8h> and hyphenation patterns for english, usenglishmax, dumylang, noh
yphenation, arabic, basque, bulgarian, coptic, welsh, czech, slovak, german, ng
erman, danish, esperanto, spanish, catalan, galician, estonian, farsi, finnish,
 french, greek, monogreek, ancientgreek, croatian, hungarian, interlingua, ibyc
us, indonesian, icelandic, italian, latin, mongolian, dutch, norsk, polish, por
tuguese, pinyin, romanian, russian, slovenian, uppersorbian, serbian, swedish, 
turkish, ukenglish, ukrainian, loaded.
(/usr/share/texmf/tex/latex/base/book.cls
Document Class: book 2005/09/16 v1.4f Standard LaTeX document class
(/usr/share/texmf/tex/latex/base/bk11.clo
File: bk11.clo 2005/09/16 v1.4f Standard LaTeX file (size option)
)
\c@part=\count79
\c@chapter=\count80
\c@section=\count81
\c@subsection=\count82
\c@subsubsection=\count83
\c@paragraph=\count84
\c@subparagraph=\count85
\c@figure=\count86
\c@table=\count87
\abovecaptionskip=\skip41
\belowcaptionskip=\skip42
\bibindent=\dimen102
) (/usr/share/texmf/tex/latex/base/inputenc.sty
Package: inputenc 2006/05/05 v1.1b Input encoding file
\inpenc@prehook=\toks14
\inpenc@posthook=\toks15
(/usr/share/texmf/tex/latex/base/utf8.def
File: utf8.def 2006/03/30 v1.1i UTF-8 support for inputenc
Now handling font encoding OML ...
... no UTF-8 mapping file for font encoding OML
Now handling font encoding T1 ...
... processing UTF-8 mapping file for font encodingT1
(/usr/share/texmf/tex/latex/base/t1enc.dfu
File: t1enc.dfu 2006/03/30 v1.1i UTF-8 support for inputenc
   defining Unicode char U+00A1 (decimal 161)
   defining Unicode char U+00A3 (decimal 163)
   defining Unicode char U+00AB (decimal 171)
   defining Unicode char U+00BB (decimal 187)
   defining Unicode char U+00BF (decimal 191)
   defining Unicode char U+00C0 (decimal 192)
   defining Unicode char U+00C1 (decimal 193)
   defining Unicode char U+00C2 (decimal 194)
   defining Unicode char U+00C3 (decimal 195)
   defining Unicode char U+00C4 (decimal 196)
   defining Unicode char U+00C5 (decimal 197)
   defining Unicode char U+00C6 (decimal 198)
   defining Unicode char U+00C7 (decimal 199)
   defining Unicode char U+00C8 (decimal 200)
   defining Unicode char U+00C9 (decimal 201)
   defining Unicode char U+00CA (decimal 202)
   defining Unicode char U+00CB (decimal 203)
   defining Unicode char U+00CC (decimal 204)
   defining Unicode char U+00CD (decimal 205)
   defining Unicode char U+00CE (decimal 206)
   defining Unicode char U+00CF (decimal 207)
   defining Unicode char U+00D0 (decimal 208)
   defining Unicode char U+00D1 (decimal 209)
   defining Unicode char U+00D2 (decimal 210)
   defining Unicode char U+00D3 (decimal 211)
   defining Unicode char U+00D4 (decimal 212)
   defining Unicode char U+00D5 (decimal 213)
   defining Unicode char U+00D6 (decimal 214)
   defining Unicode char U+00D8 (decimal 216)
   defining Unicode char U+00D9 (decimal 217)
   defining Unicode char U+00DA (decimal 218)
   defining Unicode char U+00DB (decimal 219)
   defining Unicode char U+00DC (decimal 220)
   defining Unicode char U+00DD (decimal 221)
   defining Unicode char U+00DE (decimal 222)
   defining Unicode char U+00DF (decimal 223)
   defining Unicode char U+00E0 (decimal 224)
   defining Unicode char U+00E1 (decimal 225)
   defining Unicode char U+00E2 (decimal 226)
   defining Unicode char U+00E3 (decimal 227)
   defining Unicode char U+00E4 (decimal 228)
   defining Unicode char U+00E5 (decimal 229)
   defining Unicode char U+00E6 (decimal 230)
   defining Unicode char U+00E7 (decimal 231)
   defining Unicode char U+00E8 (decimal 232)
   defining Unicode char U+00E9 (decimal 233)
   defining Unicode char U+00EA (decimal 234)
   defining Unicode char U+00EB (decimal 235)
   defining Unicode char U+00EC (decimal 236)
   defining Unicode char U+00ED (decimal 237)
   defining Unicode char U+00EE (decimal 238)
   defining Unicode char U+00EF (decimal 239)
   defining Unicode char U+00F0 (decimal 240)
   defining Unicode char U+00F1 (decimal 241)
   defining Unicode char U+00F2 (decimal 242)
   defining Unicode char U+00F3 (decimal 243)
   defining Unicode char U+00F4 (decimal 244)
   defining Unicode char U+00F5 (decimal 245)
   defining Unicode char U+00F6 (decimal 246)
   defining Unicode char U+00F8 (decimal 248)
   defining Unicode char U+00F9 (decimal 249)
   defining Unicode char U+00FA (decimal 250)
   defining Unicode char U+00FB (decimal 251)
   defining Unicode char U+00FC (decimal 252)
   defining Unicode char U+00FD (decimal 253)
   defining Unicode char U+00FE (decimal 254)
   defining Unicode char U+00FF (decimal 255)
   defining Unicode char U+0102 (decimal 258)
   defining Unicode char U+0103 (decimal 259)
   defining Unicode char U+0104 (decimal 260)
   defining Unicode char U+0105 (decimal 261)
   defining Unicode char U+0106 (decimal 262)
   defining Unicode char U+0107 (decimal 263)
   defining Unicode char U+010C (decimal 268)
   defining Unicode char U+010D (decimal 269)
   defining Unicode char U+010E (decimal 270)
   defining Unicode char U+010F (decimal 271)
   defining Unicode char U+0110 (decimal 272)
   defining Unicode char U+0111 (decimal 273)
   defining Unicode char U+0118 (decimal 280)
   defining Unicode char U+0119 (decimal 281)
   defining Unicode char U+011A (decimal 282)
   defining Unicode char U+011B (decimal 283)
   defining Unicode char U+011E (decimal 286)
   defining Unicode char U+011F (decimal 287)
   defining Unicode char U+0130 (decimal 304)
   defining Unicode char U+0131 (decimal 305)
   defining Unicode char U+0132 (decimal 306)
   defining Unicode char U+0133 (decimal 307)
   defining Unicode char U+0139 (decimal 313)
   defining Unicode char U+013A (decimal 314)
   defining Unicode char U+013D (decimal 317)
   defining Unicode char U+013E (decimal 318)
   defining Unicode char U+0141 (decimal 321)
   defining Unicode char U+0142 (decimal 322)
   defining Unicode char U+0143 (decimal 323)
   defining Unicode char U+0144 (decimal 324)
   defining Unicode char U+0147 (decimal 327)
   defining Unicode char U+0148 (decimal 328)
   defining Unicode char U+014A (decimal 330)
   defining Unicode char U+014B (decimal 331)
   defining Unicode char U+0150 (decimal 336)
   defining Unicode char U+0151 (decimal 337)
   defining Unicode char U+0152 (decimal 338)
   defining Unicode char U+0153 (decimal 339)
   defining Unicode char U+0154 (decimal 340)
   defining Unicode char U+0155 (decimal 341)
   defining Unicode char U+0158 (decimal 344)
   defining Unicode char U+0159 (decimal 345)
   defining Unicode char U+015A (decimal 346)
   defining Unicode char U+015B (decimal 347)
   defining Unicode char U+015E (decimal 350)
   defining Unicode char U+015F (decimal 351)
   defining Unicode char U+0160 (decimal 352)
   defining Unicode char U+0161 (decimal 353)
   defining Unicode char U+0162 (decimal 354)
   defining Unicode char U+0163 (decimal 355)
   defining Unicode char U+0164 (decimal 356)
   defining Unicode char U+0165 (decimal 357)
   defining Unicode char U+016E (decimal 366)
   defining Unicode char U+016F (decimal 367)
   defining Unicode char U+0170 (decimal 368)
   defining Unicode char U+0171 (decimal 369)
   defining Unicode char U+0178 (decimal 376)
   defining Unicode char U+0179 (decimal 377)
   defining Unicode char U+017A (decimal 378)
   defining Unicode char U+017B (decimal 379)
   defining Unicode char U+017C (decimal 380)
   defining Unicode char U+017D (decimal 381)
   defining Unicode char U+017E (decimal 382)
   defining Unicode char U+200C (decimal 8204)
   defining Unicode char U+2013 (decimal 8211)
   defining Unicode char U+2014 (decimal 8212)
   defining Unicode char U+2018 (decimal 8216)
   defining Unicode char U+2019 (decimal 8217)
   defining Unicode char U+201A (decimal 8218)
   defining Unicode char U+201C (decimal 8220)
   defining Unicode char U+201D (decimal 8221)
   defining Unicode char U+201E (decimal 8222)
   defining Unicode char U+2030 (decimal 8240)
   defining Unicode char U+2031 (decimal 8241)
   defining Unicode char U+2039 (decimal 8249)
   defining Unicode char U+203A (decimal 8250)
   defining Unicode char U+2423 (decimal 9251)
)
Now handling font encoding OT1 ...
... processing UTF-8 mapping file for font encodingOT1
(/usr/share/texmf/tex/latex/base/ot1enc.dfu
File: ot1enc.dfu 2006/03/30 v1.1i UTF-8 support for inputenc
   defining Unicode char U+00A1 (decimal 161)
   defining Unicode char U+00A3 (decimal 163)
   defining Unicode char U+00B8 (decimal 184)
   defining Unicode char U+00BF (decimal 191)
   defining Unicode char U+00C5 (decimal 197)
   defining Unicode char U+00C6 (decimal 198)
   defining Unicode char U+00D8 (decimal 216)
   defining Unicode char U+00DF (decimal 223)
   defining Unicode char U+00E6 (decimal 230)
   defining Unicode char U+00EC (decimal 236)
   defining Unicode char U+00ED (decimal 237)
   defining Unicode char U+00EE (decimal 238)
   defining Unicode char U+00EF (decimal 239)
   defining Unicode char U+00F8 (decimal 248)
   defining Unicode char U+0131 (decimal 305)
   defining Unicode char U+0141 (decimal 321)
   defining Unicode char U+0142 (decimal 322)
   defining Unicode char U+0152 (decimal 338)
   defining Unicode char U+0153 (decimal 339)
   defining Unicode char U+2013 (decimal 8211)
   defining Unicode char U+2014 (decimal 8212)
   defining Unicode char U+2018 (decimal 8216)
   defining Unicode char U+2019 (decimal 8217)
   defining Unicode char U+201C (decimal 8220)
   defining Unicode char U+201D (decimal 8221)
)
Now handling font encoding OMS ...
... processing UTF-8 mapping file for font encodingOMS
(/usr/share/texmf/tex/latex/base/omsenc.dfu
File: omsenc.dfu 2006/03/30 v1.1i UTF-8 support for inputenc
   defining Unicode char U+00A7 (decimal 167)
   defining Unicode char U+00B6 (decimal 182)
   defining Unicode char U+00B7 (decimal 183)
   defining Unicode char U+2020 (decimal 8224)
   defining Unicode char U+2021 (decimal 8225)
   defining Unicode char U+2022 (decimal 8226)
)
Now handling font encoding OMX ...
... no UTF-8 mapping file for font encoding OMX
Now handling font encoding U ...
... no UTF-8 mapping file for font encoding U
   defining Unicode char U+00A9 (decimal 169)
   defining Unicode char U+00AA (decimal 170)
   defining Unicode char U+00AE (decimal 174)
   defining Unicode char U+00BA (decimal 186)
   defining Unicode char U+02C6 (decimal 710)
   defining Unicode char U+02DC (decimal 732)
   defining Unicode char U+200C (decimal 8204)
   defining Unicode char U+2026 (decimal 8230)
   defining Unicode char U+2122 (decimal 8482)
   defining Unicode char U+2423 (decimal 9251)
)) (/usr/share/texmf/tex/latex/base/fontenc.sty
Package: fontenc 2005/09/27 v1.99g Standard LaTeX package
(/usr/share/texmf/tex/latex/base/t1enc.def
File: t1enc.def 2005/09/27 v1.99g Standard LaTeX file
LaTeX Font Info:    Redeclaring font encoding T1 on input line 43.
)) (./draftflag.sty) (/usr/share/texmf/tex/latex/psnfss/times.sty
Package: times 2005/04/12 PSNFSS-v9.2a (SPQR) 
) (/usr/share/texmf/tex/latex/preprint/fullpage.sty
Package: fullpage 1999/02/23 1.1 (PWD)
\FP@margin=\skip43
) (/usr/share/texmf/tex/latex/base/makeidx.sty
Package: makeidx 2000/03/29 v1.0m Standard LaTeX package
)
\@indexfile=\write3
\openout3 = `frontmatter.idx'.

Writing index file frontmatter.idx
(/usr/share/texmf/tex/latex/pdfpages/pdfpages.sty
Package: pdfpages 2006/08/12 v0.4a Insert pages of external PDF documents (AM)
(/usr/share/texmf/tex/latex/base/ifthen.sty
Package: ifthen 2001/05/26 v1.1c Standard LaTeX ifthen package (DPC)
) (/usr/share/texmf/tex/latex/graphics/graphicx.sty
Package: graphicx 1999/02/16 v1.0f Enhanced LaTeX Graphics (DPC,SPQR)
(/usr/share/texmf/tex/latex/graphics/keyval.sty
Package: keyval 1999/03/16 v1.13 key=value parser (DPC)
\KV@toks@=\toks16
) (/usr/share/texmf/tex/latex/graphics/graphics.sty
Package: graphics 2006/02/20 v1.0o Standard LaTeX Graphics (DPC,SPQR)
(/usr/share/texmf/tex/latex/graphics/trig.sty
Package: trig 1999/03/16 v1.09 sin cos tan (DPC)
) (/usr/share/texmf/tex/latex/config/graphics.cfg
File: graphics.cfg 2007/01/18 v1.5 graphics configuration of teTeX/TeXLive
)
Package graphics Info: Driver file: pdftex.def on input line 90.
(/usr/share/texmf/tex/latex/pdftex-def/pdftex.def
File: pdftex.def 2007/01/08 v0.04d Graphics/color for pdfTeX
\Gread@gobject=\count88
))
\Gin@req@height=\dimen103
\Gin@req@width=\dimen104
) (/usr/share/texmf/tex/latex/tools/calc.sty
Package: calc 2005/08/06 v4.2 Infix arithmetic (KKT,FJ)
\calc@Acount=\count89
\calc@Bcount=\count90
\calc@Adimen=\dimen105
\calc@Bdimen=\dimen106
\calc@Askip=\skip44
\calc@Bskip=\skip45
LaTeX Info: Redefining \setlength on input line 75.
LaTeX Info: Redefining \addtolength on input line 76.
\calc@Ccount=\count91
\calc@Cskip=\skip46
) (/usr/share/texmf/tex/latex/eso-pic/eso-pic.sty
Package: eso-pic 2006/07/14 v1.1d eso-pic (RN)
(/usr/share/texmf/tex/latex/everyshi/everyshi.sty
Package: everyshi 2001/05/15 v3.00 EveryShipout Package (MS)
)) (/usr/share/texmf/tex/latex/pdfpages/pppdftex.def
File: pppdftex.def 2006/08/12 v0.4a Pdfpages driver for pdfTeX (AM)
)
\AM@pagebox=\box26
\AM@toc@title=\toks17
\c@AM@survey=\count92
) (/usr/share/texmf/tex/latex/hyperref/hyperref.sty
Package: hyperref 2007/02/07 v6.75r Hypertext links for LaTeX
\@linkdim=\dimen107
\Hy@linkcounter=\count93
\Hy@pagecounter=\count94
(/usr/share/texmf/tex/latex/hyperref/pd1enc.def
File: pd1enc.def 2007/02/07 v6.75r Hyperref: PDFDocEncoding definition (HO)
Now handling font encoding PD1 ...
... no UTF-8 mapping file for font encoding PD1
) (/usr/share/texmf/tex/latex/config/hyperref.cfg
File: hyperref.cfg 2002/06/06 v1.2 hyperref configuration of TeXLive
) (/usr/share/texmf/tex/latex/oberdiek/kvoptions.sty
Package: kvoptions 2006/08/22 v2.4 Connects package keyval with LaTeX options (
HO)
)
Package hyperref Info: Option `colorlinks' set `true' on input line 2238.
Package hyperref Info: Hyper figures OFF on input line 2288.
Package hyperref Info: Link nesting OFF on input line 2293.
Package hyperref Info: Hyper index ON on input line 2296.
Package hyperref Info: Plain pages OFF on input line 2303.
Package hyperref Info: Backreferencing OFF on input line 2308.
Implicit mode ON; LaTeX internals redefined
Package hyperref Info: Bookmarks ON on input line 2444.
(/usr/share/texmf/tex/latex/ltxmisc/url.sty
\Urlmuskip=\muskip10
Package: url 2005/06/27  ver 3.2  Verb mode for urls, etc.
)
LaTeX Info: Redefining \url on input line 2599.
\Fld@menulength=\count95
\Field@Width=\dimen108
\Fld@charsize=\dimen109
\Choice@toks=\toks18
\Field@toks=\toks19
Package hyperref Info: Hyper figures OFF on input line 3102.
Package hyperref Info: Link nesting OFF on input line 3107.
Package hyperref Info: Hyper index ON on input line 3110.
Package hyperref Info: backreferencing OFF on input line 3117.
Package hyperref Info: Link coloring ON on input line 3120.
\Hy@abspage=\count96
\c@Item=\count97
\c@Hfootnote=\count98
)
*hyperref using default driver hpdftex*
(/usr/share/texmf/tex/latex/hyperref/hpdftex.def
File: hpdftex.def 2007/02/07 v6.75r Hyperref driver for pdfTeX
\Fld@listcount=\count99
)

Package hyperref Warning: Values of option `pdfpagemode':
(hyperref)                * `UseNone'
(hyperref)                * `UseOutlines'
(hyperref)                * `UseThumbs'
(hyperref)                * `FullScreen'
(hyperref)                * `UseOC' (PDF 1.5)
(hyperref)                * `UseAttachments' (PDF 1.6)
(hyperref)                * An empty value disables the option.
(hyperref)                Unknown value `none' on input line 20.

Package hyperref Info: Option `plainpages' set `false' on input line 21.
\titlebox=\skip47
\@input{citation-stamp.aux}
\openout2 = `citation-stamp.aux'.

(./citation-stamp.tex (/usr/share/texmf/tex/latex/graphics/color.sty
Package: color 2005/11/14 v1.0j Standard LaTeX Color (DPC)
(/usr/share/texmf/tex/latex/config/color.cfg
File: color.cfg 2007/01/18 v1.5 color configuration of teTeX/TeXLive
)
Package color Info: Driver file: pdftex.def on input line 130.
)) (./frontmatter.aux (./toc.aux) (./program.aux))
\openout1 = `frontmatter.aux'.

LaTeX Font Info:    Checking defaults for OML/cmm/m/it on input line 73.
LaTeX Font Info:    ... okay on input line 73.
LaTeX Font Info:    Checking defaults for T1/cmr/m/n on input line 73.
LaTeX Font Info:    ... okay on input line 73.
LaTeX Font Info:    Checking defaults for OT1/cmr/m/n on input line 73.
LaTeX Font Info:    ... okay on input line 73.
LaTeX Font Info:    Checking defaults for OMS/cmsy/m/n on input line 73.
LaTeX Font Info:    ... okay on input line 73.
LaTeX Font Info:    Checking defaults for OMX/cmex/m/n on input line 73.
LaTeX Font Info:    ... okay on input line 73.
LaTeX Font Info:    Checking defaults for U/cmr/m/n on input line 73.
LaTeX Font Info:    ... okay on input line 73.
LaTeX Font Info:    Checking defaults for PD1/pdf/m/n on input line 73.
LaTeX Font Info:    ... okay on input line 73.
LaTeX Font Info:    Try loading font information for T1+ptm on input line 73.
(/usr/share/texmf/tex/latex/psnfss/t1ptm.fd
File: t1ptm.fd 2001/06/04 font definitions for T1/ptm.
) (/usr/share/texmf/tex/context/base/supp-pdf.tex
[Loading MPS to PDF converter (version 2006.09.02).]
\scratchcounter=\count100
\scratchdimen=\dimen110
\scratchbox=\box27
\nofMPsegments=\count101
\nofMParguments=\count102
\MPscratchCnt=\count103
\MPscratchDim=\dimen111
\MPnumerator=\count104
\everyMPtoPDFconversion=\toks20
) ABD: EveryShipout initializing macros
Package hyperref Info: Link coloring ON on input line 73.
(/usr/share/texmf/tex/latex/hyperref/nameref.sty
Package: nameref 2006/12/27 v2.28 Cross-referencing by name of section
(/usr/share/texmf/tex/latex/oberdiek/refcount.sty
Package: refcount 2006/02/20 v3.0 Data extraction from references (HO)
)
\c@section@level=\count105
)
LaTeX Info: Redefining \ref on input line 73.
LaTeX Info: Redefining \pageref on input line 73.
(./frontmatter.out) (./frontmatter.out)
\@outlinefile=\write4
\openout4 = `frontmatter.out'.

<titlepage.pdf, id=13, page=1, 597.50829pt x 845.0471pt>
File: titlepage.pdf Graphic file (type pdf)
<use titlepage.pdf, page 1>
File: titlepage.pdf Graphic file (type pdf)
<use titlepage.pdf, page 1>
File: titlepage.pdf Graphic file (type pdf)
<use titlepage.pdf, page 1>
File: titlepage.pdf Graphic file (type pdf)
<use titlepage.pdf, page 1>
File: titlepage.pdf Graphic file (type pdf)
<use titlepage.pdf, page 1> [1

Non-PDF special ignored!


 <./titlepage.pdf{/usr/share/texmf/fonts/map/pdftex/updmap/pdftex.map}>] <copyr
ight.pdf, id=32, page=1, 597.50829pt x 845.0471pt>
File: copyright.pdf Graphic file (type pdf)
<use copyright.pdf, page 1>
File: copyright.pdf Graphic file (type pdf)
<use copyright.pdf, page 1>
File: copyright.pdf Graphic file (type pdf)
<use copyright.pdf, page 1>
File: copyright.pdf Graphic file (type pdf)
<use copyright.pdf, page 1> [2 <./copyright.pdf>] <preface.pdf, id=54, page=1, 
597.50829pt x 845.0471pt>
File: preface.pdf Graphic file (type pdf)
<use preface.pdf, page 1>
File: preface.pdf Graphic file (type pdf)
<use preface.pdf, page 1>
File: preface.pdf Graphic file (type pdf)
<use preface.pdf, page 1>
File: preface.pdf Graphic file (type pdf)
<use preface.pdf, page 1> [3 <./preface.pdf>] <preface.pdf, id=71, page=2, 597.
50829pt x 845.0471pt>
File: preface.pdf Graphic file (type pdf)
<use preface.pdf, page 2>
File: preface.pdf Graphic file (type pdf)
<use preface.pdf, page 2>
File: preface.pdf Graphic file (type pdf)
<use preface.pdf, page 2> [4 <./preface.pdf>] <preface.pdf, id=79, page=3, 597.
50829pt x 845.0471pt>
File: preface.pdf Graphic file (type pdf)
<use preface.pdf, page 3>
File: preface.pdf Graphic file (type pdf)
<use preface.pdf, page 3>
File: preface.pdf Graphic file (type pdf)
<use preface.pdf, page 3> [5 <./preface.pdf>] [6] <organizers.pdf, id=90, page=
1, 597.50829pt x 845.0471pt>
File: organizers.pdf Graphic file (type pdf)
<use organizers.pdf, page 1>
File: organizers.pdf Graphic file (type pdf)
<use organizers.pdf, page 1>
File: organizers.pdf Graphic file (type pdf)
<use organizers.pdf, page 1>
File: organizers.pdf Graphic file (type pdf)
<use organizers.pdf, page 1> [7 <./organizers.pdf>] <organizers.pdf, id=103, pa
ge=2, 597.50829pt x 845.0471pt>
File: organizers.pdf Graphic file (type pdf)
<use organizers.pdf, page 2>
File: organizers.pdf Graphic file (type pdf)
<use organizers.pdf, page 2>
File: organizers.pdf Graphic file (type pdf)
<use organizers.pdf, page 2> [8 <./organizers.pdf>] <organizers.pdf, id=111, pa
ge=3, 597.50829pt x 845.0471pt>
File: organizers.pdf Graphic file (type pdf)
<use organizers.pdf, page 3>
File: organizers.pdf Graphic file (type pdf)
<use organizers.pdf, page 3>
File: organizers.pdf Graphic file (type pdf)
<use organizers.pdf, page 3> [9 <./organizers.pdf>] <organizers.pdf, id=116, pa
ge=4, 597.50829pt x 845.0471pt>
File: organizers.pdf Graphic file (type pdf)
<use organizers.pdf, page 4>
File: organizers.pdf Graphic file (type pdf)
<use organizers.pdf, page 4>
File: organizers.pdf Graphic file (type pdf)
<use organizers.pdf, page 4> [10 <./organizers.pdf>] <organizers.pdf, id=121, p
age=5, 597.50829pt x 845.0471pt>
File: organizers.pdf Graphic file (type pdf)
<use organizers.pdf, page 5>
File: organizers.pdf Graphic file (type pdf)
<use organizers.pdf, page 5>
File: organizers.pdf Graphic file (type pdf)
<use organizers.pdf, page 5> [11 <./organizers.pdf>] <organizers.pdf, id=126, p
age=6, 597.50829pt x 845.0471pt>
File: organizers.pdf Graphic file (type pdf)
<use organizers.pdf, page 6>
File: organizers.pdf Graphic file (type pdf)
<use organizers.pdf, page 6>
File: organizers.pdf Graphic file (type pdf)
<use organizers.pdf, page 6> [12 <./organizers.pdf>] <organizers.pdf, id=131, p
age=7, 597.50829pt x 845.0471pt>
File: organizers.pdf Graphic file (type pdf)
<use organizers.pdf, page 7>
File: organizers.pdf Graphic file (type pdf)
<use organizers.pdf, page 7>
File: organizers.pdf Graphic file (type pdf)
<use organizers.pdf, page 7> [13 <./organizers.pdf>] <organizers.pdf, id=137, p
age=8, 597.50829pt x 845.0471pt>
File: organizers.pdf Graphic file (type pdf)
<use organizers.pdf, page 8>
File: organizers.pdf Graphic file (type pdf)
<use organizers.pdf, page 8>
File: organizers.pdf Graphic file (type pdf)
<use organizers.pdf, page 8> [14 <./organizers.pdf>] <organizers.pdf, id=142, p
age=9, 597.50829pt x 845.0471pt>
File: organizers.pdf Graphic file (type pdf)
<use organizers.pdf, page 9>
File: organizers.pdf Graphic file (type pdf)
<use organizers.pdf, page 9>
File: organizers.pdf Graphic file (type pdf)
<use organizers.pdf, page 9> [15 <./organizers.pdf>] [16]
\openout2 = `toc.aux'.

(./toc.tex
LaTeX Font Info:    Font shape `T1/ptm/bx/n' in size <14.4> not available
(Font)              Font shape `T1/ptm/b/n' tried instead on input line 5.
[17

] [18] [19] [20] [21] [22]
Overfull \hbox (0.76393pt too wide) in paragraph at lines 366--368
|  \T1/ptm/m/n/10.95 Veron-ica Lynn, Youngseo Son, Vivek Kulka-rni, Ni-ran-jan 
Bal-a-sub-ra-ma-nian and H. An-drew Schwartz
 []

[23] [24] [25] [26] [27] [28] [29] [30] [31] [32] [33]
Overfull \hbox (1.63992pt too wide) in paragraph at lines 948--950
[][][]\T1/ptm/m/it/10.95 Using Au-to-mated Metaphor Iden-ti-fi-ca-tion to Aid i
n De-tec-tion and Pre-dic-tion of First-Episode Schizophre-
 []

) [34] [35] [36

]
\openout2 = `program.aux'.

(./program.tex

Package hyperref Warning: No destination for bookmark of \addcontentsline,
(hyperref)                destination is added on input line 1.

LaTeX Font Info:    External font `cmex10' loaded for size
(Font)              <10.95> on input line 12.
LaTeX Font Info:    External font `cmex10' loaded for size
(Font)              <8> on input line 12.
LaTeX Font Info:    External font `cmex10' loaded for size
(Font)              <6> on input line 12.
LaTeX Font Info:    Font shape `T1/ptm/bx/n' in size <10.95> not available
(Font)              Font shape `T1/ptm/b/n' tried instead on input line 13.
LaTeX Font Info:    Font shape `T1/ptm/bx/it' in size <10.95> not available
(Font)              Font shape `T1/ptm/b/it' tried instead on input line 21.
[37

] [38] [39] [40] [41] [42] [43] [44] [45] [46] [47] [48] [49] [50] [51] [52] [5
3] [54] [55] [56] [57] [58] [59] [60] [61] [62] [63]
Underfull \hbox (badness 1152) in paragraph at lines 1239--1240
[]\T1/ptm/m/n/10.95 Jasabanta Pa-tro, Bidisha Samanta, Saurabh Singh, Ab-hipsa 
Basu, Prith-wish
 []

[64] [65] [66] [67] [68] [69] [70] [71] [72]) [73] [74

] (./frontmatter.aux (./toc.aux) (./program.aux)) ) 
Here is how much of TeX's memory you used:
 4431 strings out of 256214
 58056 string characters out of 1917000
 121291 words of memory out of 1500000
 7246 multiletter control sequences out of 10000+200000
 22736 words of font info for 35 fonts, out of 1200000 for 2000
 645 hyphenation exceptions out of 8191
 32i,16n,37p,247b,458s stack positions out of 5000i,500n,6000p,200000b,15000s
pdfTeX warning (dest): name{
page.2962} has been referenced but does not exist, replaced by a fixed one

pdfTeX warning (dest): name{page.2951} has been referenced but does not exist, 
replaced by a fixed one

pdfTeX warning (dest): name{page.2945} has been referenced but does not exist, 
replaced by a fixed one

pdfTeX warning (dest): name{page.2934} has been referenced but does not exist, 
replaced by a fixed one

pdfTeX warning (dest): name{page.2928} has been referenced but does not exist, 
replaced by a fixed one

pdfTeX warning (dest): name{page.2921} has been referenced but does not exist, 
replaced by a fixed one

pdfTeX warning (dest): name{page.2914} has been referenced but does not exist, 
replaced by a fixed one

pdfTeX warning (dest): name{page.2906} has been referenced but does not exist, 
replaced by a fixed one

pdfTeX warning (dest): name{page.2900} has been referenced but does not exist, 
replaced by a fixed one

pdfTeX warning (dest): name{page.2894} has been referenced but does not exist, 
replaced by a fixed one

pdfTeX warning (dest): name{page.2888} has been referenced but does not exist, 
replaced by a fixed one

pdfTeX warning (dest): name{page.2881} has been referenced but does not exist, 
replaced by a fixed one

pdfTeX warning (dest): name{page.2876} has been referenced but does not exist, 
replaced by a fixed one

pdfTeX warning (dest): name{page.2869} has been referenced but does not exist, 
replaced by a fixed one

pdfTeX warning (dest): name{page.2862} has been referenced but does not exist, 
replaced by a fixed one

pdfTeX warning (dest): name{page.2856} has been referenced but does not exist, 
replaced by a fixed one

pdfTeX warning (dest): name{page.2849} has been referenced but does not exist, 
replaced by a fixed one

pdfTeX warning (dest): name{page.2843} has been referenced but does not exist, 
replaced by a fixed one

pdfTeX warning (dest): name{page.2836} has been referenced but does not exist, 
replaced by a fixed one

pdfTeX warning (dest): name{page.2829} has been referenced but does not exist, 
replaced by a fixed one

pdfTeX warning (dest): name{page.2822} has been referenced but does not exist, 
replaced by a fixed one

pdfTeX warning (dest): name{page.2815} has been referenced but does not exist, 
replaced by a fixed one

pdfTeX warning (dest): name{page.2809} has been referenced but does not exist, 
replaced by a fixed one

pdfTeX warning (dest): name{page.2803} has been referenced but does not exist, 
replaced by a fixed one

pdfTeX warning (dest): name{page.2797} has been referenced but does not exist, 
replaced by a fixed one

pdfTeX warning (dest): name{page.2790} has been referenced but does not exist, 
replaced by a fixed one

pdfTeX warning (dest): name{page.2778} has been referenced but does not exist, 
replaced by a fixed one

pdfTeX warning (dest): name{page.2768} has been referenced but does not exist, 
replaced by a fixed one

pdfTeX warning (dest): name{page.2763} has been referenced but does not exist, 
replaced by a fixed one

pdfTeX warning (dest): name{page.2757} has been referenced but does not exist, 
replaced by a fixed one

pdfTeX warning (dest): name{page.2751} has been referenced but does not exist, 
replaced by a fixed one

pdfTeX warning (dest): name{page.2741} has been referenced but does not exist, 
replaced by a fixed one

pdfTeX warning (dest): name{page.2731} has been referenced but does not exist, 
replaced by a fixed one

pdfTeX warning (dest): name{page.2720} has been referenced but does not exist, 
replaced by a fixed one

pdfTeX warning (dest): name{page.2710} has been referenced but does not exist, 
replaced by a fixed one

pdfTeX warning (dest): name{page.2699} has been referenced but does not exist, 
replaced by a fixed one

pdfTeX warning (dest): name{page.2691} has been referenced but does not exist, 
replaced by a fixed one

pdfTeX warning (dest): name{page.2685} has been referenced but does not exist, 
replaced by a fixed one

pdfTeX warning (dest): name{page.2674} has been referenced but does not exist, 
replaced by a fixed one

pdfTeX warning (dest): name{page.2664} has been referenced but does not exist, 
replaced by a fixed one

pdfTeX warning (dest): name{page.2653} has been referenced but does not exist, 
replaced by a fixed one

pdfTeX warning (dest): name{page.2647} has been referenced but does not exist, 
replaced by a fixed one

pdfTeX warning (dest): name{page.2641} has been referenced but does not exist, 
replaced by a fixed one

pdfTeX warning (dest): name{page.2635} has been referenced but does not exist, 
replaced by a fixed one

pdfTeX warning (dest): name{page.2624} has been referenced but does not exist, 
replaced by a fixed one

pdfTeX warning (dest): name{page.2613} has been referenced but does not exist, 
replaced by a fixed one

pdfTeX warning (dest): name{page.2602} has been referenced but does not exist, 
replaced by a fixed one

pdfTeX warning (dest): name{page.2591} has been referenced but does not exist, 
replaced by a fixed one

pdfTeX warning (dest): name{page.2581} has been referenced but does not exist, 
replaced by a fixed one

pdfTeX warning (dest): name{page.2571} has been referenced but does not exist, 
replaced by a fixed one

pdfTeX warning (dest): name{page.2560} has been referenced but does not exist, 
replaced by a fixed one

pdfTeX warning (dest): name{page.2549} has been referenced but does not exist, 
replaced by a fixed one

pdfTeX warning (dest): name{page.2542} has been referenced but does not exist, 
replaced by a fixed one

pdfTeX warning (dest): name{page.2529} has been referenced but does not exist, 
replaced by a fixed one

pdfTeX warning (dest): name{page.2519} has been referenced but does not exist, 
replaced by a fixed one

pdfTeX warning (dest): name{page.2512} has been referenced but does not exist, 
replaced by a fixed one

pdfTeX warning (dest): name{page.2502} has been referenced but does not exist, 
replaced by a fixed one

pdfTeX warning (dest): name{page.2496} has been referenced but does not exist, 
replaced by a fixed one

pdfTeX warning (dest): name{page.2490} has been referenced but does not exist, 
replaced by a fixed one

pdfTeX warning (dest): name{page.2480} has been referenced but does not exist, 
replaced by a fixed one

pdfTeX warning (dest): name{page.2469} has been referenced but does not exist, 
replaced by a fixed one

pdfTeX warning (dest): name{page.2459} has been referenced but does not exist, 
replaced by a fixed one

pdfTeX warning (dest): name{page.2448} has been referenced but does not exist, 
replaced by a fixed one

pdfTeX warning (dest): name{page.2437} has been referenced but does not exist, 
replaced by a fixed one

pdfTeX warning (dest): name{page.2426} has been referenced but does not exist, 
replaced by a fixed one

pdfTeX warning (dest): name{page.2415} has been referenced but does not exist, 
replaced by a fixed one

pdfTeX warning (dest): name{page.2404} has been referenced but does not exist, 
replaced by a fixed one

pdfTeX warning (dest): name{page.2394} has been referenced but does not exist, 
replaced by a fixed one

pdfTeX warning (dest): name{page.2384} has been referenced but does not exist, 
replaced by a fixed one

pdfTeX warning (dest): name{page.2373} has been referenced but does not exist, 
replaced by a fixed one

pdfTeX warning (dest): name{page.2362} has been referenced but does not exist, 
replaced by a fixed one

pdfTeX warning (dest): name{page.2351} has been referenced but does not exist, 
replaced by a fixed one

pdfTeX warning (dest): name{page.2341} has been referenced but does not exist, 
replaced by a fixed one

pdfTeX warning (dest): name{page.2331} has been referenced but does not exist, 
replaced by a fixed one

pdfTeX warning (dest): name{page.2325} has been referenced but does not exist, 
replaced by a fixed one

pdfTeX warning (dest): name{page.2318} has been referenced but does not exist, 
replaced by a fixed one

pdfTeX warning (dest): name{page.2312} has been referenced but does not exist, 
replaced by a fixed one

pdfTeX warning (dest): name{page.2306} has been referenced but does not exist, 
replaced by a fixed one

pdfTeX warning (dest): name{page.2300} has been referenced but does not exist, 
replaced by a fixed one

pdfTeX warning (dest): name{page.2290} has been referenced but does not exist, 
replaced by a fixed one

pdfTeX warning (dest): name{page.2279} has been referenced but does not exist, 
replaced by a fixed one

pdfTeX warning (dest): name{page.2268} has been referenced but does not exist, 
replaced by a fixed one

pdfTeX warning (dest): name{page.2258} has been referenced but does not exist, 
replaced by a fixed one

pdfTeX warning (dest): name{page.2247} has been referenced but does not exist, 
replaced by a fixed one

pdfTeX warning (dest): name{page.2236} has been referenced but does not exist, 
replaced by a fixed one

pdfTeX warning (dest): name{page.2224} has been referenced but does not exist, 
replaced by a fixed one

pdfTeX warning (dest): name{page.2214} has been referenced but does not exist, 
replaced by a fixed one

pdfTeX warning (dest): name{page.2203} has been referenced but does not exist, 
replaced by a fixed one

pdfTeX warning (dest): name{page.2193} has been referenced but does not exist, 
replaced by a fixed one

pdfTeX warning (dest): name{page.2183} has been referenced but does not exist, 
replaced by a fixed one

pdfTeX warning (dest): name{page.2173} has been referenced but does not exist, 
replaced by a fixed one

pdfTeX warning (dest): name{page.2162} has been referenced but does not exist, 
replaced by a fixed one

pdfTeX warning (dest): name{page.2153} has been referenced but does not exist, 
replaced by a fixed one

pdfTeX warning (dest): name{page.2140} has been referenced but does not exist, 
replaced by a fixed one

pdfTeX warning (dest): name{page.2134} has been referenced but does not exist, 
replaced by a fixed one

pdfTeX warning (dest): name{page.2123} has been referenced but does not exist, 
replaced by a fixed one

pdfTeX warning (dest): name{page.2113} has been referenced but does not exist, 
replaced by a fixed one

pdfTeX warning (dest): name{page.2106} has been referenced but does not exist, 
replaced by a fixed one

pdfTeX warning (dest): name{page.2100} has been referenced but does not exist, 
replaced by a fixed one

pdfTeX warning (dest): name{page.2090} has been referenced but does not exist, 
replaced by a fixed one

pdfTeX warning (dest): name{page.2080} has been referenced but does not exist, 
replaced by a fixed one

pdfTeX warning (dest): name{page.2070} has been referenced but does not exist, 
replaced by a fixed one

pdfTeX warning (dest): name{page.2063} has been referenced but does not exist, 
replaced by a fixed one

pdfTeX warning (dest): name{page.2056} has been referenced but does not exist, 
replaced by a fixed one

pdfTeX warning (dest): name{page.2044} has been referenced but does not exist, 
replaced by a fixed one

pdfTeX warning (dest): name{page.2033} has been referenced but does not exist, 
replaced by a fixed one

pdfTeX warning (dest): name{page.2021} has been referenced but does not exist, 
replaced by a fixed one

pdfTeX warning (dest): name{page.2010} has been referenced but does not exist, 
replaced by a fixed one

pdfTeX warning (dest): name{page.2000} has been referenced but does not exist, 
replaced by a fixed one

pdfTeX warning (dest): name{page.1989} has been referenced but does not exist, 
replaced by a fixed one

pdfTeX warning (dest): name{page.1979} has been referenced but does not exist, 
replaced by a fixed one

pdfTeX warning (dest): name{page.1968} has been referenced but does not exist, 
replaced by a fixed one

pdfTeX warning (dest): name{page.1957} has been referenced but does not exist, 
replaced by a fixed one

pdfTeX warning (dest): name{page.1946} has been referenced but does not exist, 
replaced by a fixed one

pdfTeX warning (dest): name{page.1935} has been referenced but does not exist, 
replaced by a fixed one

pdfTeX warning (dest): name{page.1923} has been referenced but does not exist, 
replaced by a fixed one

pdfTeX warning (dest): name{page.1913} has been referenced but does not exist, 
replaced by a fixed one

pdfTeX warning (dest): name{page.1907} has been referenced but does not exist, 
replaced by a fixed one

pdfTeX warning (dest): name{page.1901} has been referenced but does not exist, 
replaced by a fixed one

pdfTeX warning (dest): name{page.1890} has been referenced but does not exist, 
replaced by a fixed one

pdfTeX warning (dest): name{page.1884} has been referenced but does not exist, 
replaced by a fixed one

pdfTeX warning (dest): name{page.1873} has been referenced but does not exist, 
replaced by a fixed one

pdfTeX warning (dest): name{page.1866} has been referenced but does not exist, 
replaced by a fixed one

pdfTeX warning (dest): name{page.1860} has been referenced but does not exist, 
replaced by a fixed one

pdfTeX warning (dest): name{page.1850} has been referenced but does not exist, 
replaced by a fixed one

pdfTeX warning (dest): name{page.1840} has been referenced but does not exist, 
replaced by a fixed one

pdfTeX warning (dest): name{page.1830} has been referenced but does not exist, 
replaced by a fixed one

pdfTeX warning (dest): name{page.1824} has been referenced but does not exist, 
replaced by a fixed one

pdfTeX warning (dest): name{page.1814} has been referenced but does not exist, 
replaced by a fixed one

pdfTeX warning (dest): name{page.1808} has been referenced but does not exist, 
replaced by a fixed one

pdfTeX warning (dest): name{page.1803} has been referenced but does not exist, 
replaced by a fixed one

pdfTeX warning (dest): name{page.1796} has been referenced but does not exist, 
replaced by a fixed one

pdfTeX warning (dest): name{page.1790} has been referenced but does not exist, 
replaced by a fixed one

pdfTeX warning (dest): name{page.1784} has been referenced but does not exist, 
replaced by a fixed one

pdfTeX warning (dest): name{page.1777} has been referenced but does not exist, 
replaced by a fixed one

pdfTeX warning (dest): name{page.1767} has been referenced but does not exist, 
replaced by a fixed one

pdfTeX warning (dest): name{page.1756} has been referenced but does not exist, 
replaced by a fixed one

pdfTeX warning (dest): name{page.1750} has been referenced but does not exist, 
replaced by a fixed one

pdfTeX warning (dest): name{page.1740} has been referenced but does not exist, 
replaced by a fixed one

pdfTeX warning (dest): name{page.1729} has been referenced but does not exist, 
replaced by a fixed one

pdfTeX warning (dest): name{page.1722} has been referenced but does not exist, 
replaced by a fixed one

pdfTeX warning (dest): name{page.1711} has been referenced but does not exist, 
replaced by a fixed one

pdfTeX warning (dest): name{page.1700} has been referenced but does not exist, 
replaced by a fixed one

pdfTeX warning (dest): name{page.1694} has been referenced but does not exist, 
replaced by a fixed one

pdfTeX warning (dest): name{page.1688} has been referenced but does not exist, 
replaced by a fixed one

pdfTeX warning (dest): name{page.1682} has been referenced but does not exist, 
replaced by a fixed one

pdfTeX warning (dest): name{page.1676} has been referenced but does not exist, 
replaced by a fixed one

pdfTeX warning (dest): name{page.1665} has been referenced but does not exist, 
replaced by a fixed one

pdfTeX warning (dest): name{page.1654} has been referenced but does not exist, 
replaced by a fixed one

pdfTeX warning (dest): name{page.1643} has been referenced but does not exist, 
replaced by a fixed one

pdfTeX warning (dest): name{page.1637} has been referenced but does not exist, 
replaced by a fixed one

pdfTeX warning (dest): name{page.1625} has been referenced but does not exist, 
replaced by a fixed one

pdfTeX warning (dest): name{page.1614} has been referenced but does not exist, 
replaced by a fixed one

pdfTeX warning (dest): name{page.1602} has been referenced but does not exist, 
replaced by a fixed one

pdfTeX warning (dest): name{page.1592} has been referenced but does not exist, 
replaced by a fixed one

pdfTeX warning (dest): name{page.1582} has been referenced but does not exist, 
replaced by a fixed one

pdfTeX warning (dest): name{page.1572} has been referenced but does not exist, 
replaced by a fixed one

pdfTeX warning (dest): name{page.1557} has been referenced but does not exist, 
replaced by a fixed one

pdfTeX warning (dest): name{page.1546} has been referenced but does not exist, 
replaced by a fixed one

pdfTeX warning (dest): name{page.1536} has been referenced but does not exist, 
replaced by a fixed one

pdfTeX warning (dest): name{page.1526} has been referenced but does not exist, 
replaced by a fixed one

pdfTeX warning (dest): name{page.1515} has been referenced but does not exist, 
replaced by a fixed one

pdfTeX warning (dest): name{page.1505} has been referenced but does not exist, 
replaced by a fixed one

pdfTeX warning (dest): name{page.1499} has been referenced but does not exist, 
replaced by a fixed one

pdfTeX warning (dest): name{page.1494} has been referenced but does not exist, 
replaced by a fixed one

pdfTeX warning (dest): name{page.1488} has been referenced but does not exist, 
replaced by a fixed one

pdfTeX warning (dest): name{page.1481} has been referenced but does not exist, 
replaced by a fixed one

pdfTeX warning (dest): name{page.1474} has been referenced but does not exist, 
replaced by a fixed one

pdfTeX warning (dest): name{page.1463} has been referenced but does not exist, 
replaced by a fixed one

pdfTeX warning (dest): name{page.1451} has been referenced but does not exist, 
replaced by a fixed one

pdfTeX warning (dest): name{page.1441} has been referenced but does not exist, 
replaced by a fixed one

pdfTeX warning (dest): name{page.1430} has been referenced but does not exist, 
replaced by a fixed one

pdfTeX warning (dest): name{page.1420} has been referenced but does not exist, 
replaced by a fixed one

pdfTeX warning (dest): name{page.1409} has been referenced but does not exist, 
replaced by a fixed one

pdfTeX warning (dest): name{page.1399} has been referenced but does not exist, 
replaced by a fixed one

pdfTeX warning (dest): name{page.1389} has been referenced but does not exist, 
replaced by a fixed one

pdfTeX warning (dest): name{page.1383} has been referenced but does not exist, 
replaced by a fixed one

pdfTeX warning (dest): name{page.1373} has been referenced but does not exist, 
replaced by a fixed one

pdfTeX warning (dest): name{page.1367} has been referenced but does not exist, 
replaced by a fixed one

pdfTeX warning (dest): name{page.1360} has been referenced but does not exist, 
replaced by a fixed one

pdfTeX warning (dest): name{page.1354} has been referenced but does not exist, 
replaced by a fixed one

pdfTeX warning (dest): name{page.1349} has been referenced but does not exist, 
replaced by a fixed one

pdfTeX warning (dest): name{page.1341} has been referenced but does not exist, 
replaced by a fixed one

pdfTeX warning (dest): name{page.1334} has been referenced but does not exist, 
replaced by a fixed one

pdfTeX warning (dest): name{page.1328} has been referenced but does not exist, 
replaced by a fixed one

pdfTeX warning (dest): name{page.1318} has been referenced but does not exist, 
replaced by a fixed one

pdfTeX warning (dest): name{page.1308} has been referenced but does not exist, 
replaced by a fixed one

pdfTeX warning (dest): name{page.1298} has been referenced but does not exist, 
replaced by a fixed one

pdfTeX warning (dest): name{page.1292} has been referenced but does not exist, 
replaced by a fixed one

pdfTeX warning (dest): name{page.1285} has been referenced but does not exist, 
replaced by a fixed one

pdfTeX warning (dest): name{page.1278} has been referenced but does not exist, 
replaced by a fixed one

pdfTeX warning (dest): name{page.1266} has been referenced but does not exist, 
replaced by a fixed one

pdfTeX warning (dest): name{page.1256} has been referenced but does not exist, 
replaced by a fixed one

pdfTeX warning (dest): name{page.1244} has been referenced but does not exist, 
replaced by a fixed one

pdfTeX warning (dest): name{page.1233} has been referenced but does not exist, 
replaced by a fixed one

pdfTeX warning (dest): name{page.1223} has been referenced but does not exist, 
replaced by a fixed one

pdfTeX warning (dest): name{page.1213} has been referenced but does not exist, 
replaced by a fixed one

pdfTeX warning (dest): name{page.1199} has been referenced but does not exist, 
replaced by a fixed one

pdfTeX warning (dest): name{page.1188} has been referenced but does not exist, 
replaced by a fixed one

pdfTeX warning (dest): name{page.1177} has been referenced but does not exist, 
replaced by a fixed one

pdfTeX warning (dest): name{page.1165} has been referenced but does not exist, 
replaced by a fixed one

pdfTeX warning (dest): name{page.1155} has been referenced but does not exist, 
replaced by a fixed one

pdfTeX warning (dest): name{page.1145} has been referenced but does not exist, 
replaced by a fixed one

pdfTeX warning (dest): name{page.1134} has been referenced but does not exist, 
replaced by a fixed one

pdfTeX warning (dest): name{page.1124} has been referenced but does not exist, 
replaced by a fixed one

pdfTeX warning (dest): name{page.1112} has been referenced but does not exist, 
replaced by a fixed one

pdfTeX warning (dest): name{page.1101} has been referenced but does not exist, 
replaced by a fixed one

pdfTeX warning (dest): name{page.1090} has been referenced but does not exist, 
replaced by a fixed one

pdfTeX warning (dest): name{page.1079} has been referenced but does not exist, 
replaced by a fixed one

pdfTeX warning (dest): name{page.1068} has been referenced but does not exist, 
replaced by a fixed one

pdfTeX warning (dest): name{page.1058} has been referenced but does not exist, 
replaced by a fixed one

pdfTeX warning (dest): name{page.1047} has been referenced but does not exist, 
replaced by a fixed one

pdfTeX warning (dest): name{page.1036} has been referenced but does not exist, 
replaced by a fixed one

pdfTeX warning (dest): name{page.1025} has been referenced but does not exist, 
replaced by a fixed one

pdfTeX warning (dest): name{page.1013} has been referenced but does not exist, 
replaced by a fixed one

pdfTeX warning (dest): name{page.1001} has been referenced but does not exist, 
replaced by a fixed one

pdfTeX warning (dest): name{page.995} has been referenced but does not exist, r
eplaced by a fixed one

pdfTeX warning (dest): name{page.988} has been referenced but does not exist, r
eplaced by a fixed one

pdfTeX warning (dest): name{page.981} has been referenced but does not exist, r
eplaced by a fixed one

pdfTeX warning (dest): name{page.975} has been referenced but does not exist, r
eplaced by a fixed one

pdfTeX warning (dest): name{page.968} has been referenced but does not exist, r
eplaced by a fixed one

pdfTeX warning (dest): name{page.955} has been referenced but does not exist, r
eplaced by a fixed one

pdfTeX warning (dest): name{page.945} has been referenced but does not exist, r
eplaced by a fixed one

pdfTeX warning (dest): name{page.935} has been referenced but does not exist, r
eplaced by a fixed one

pdfTeX warning (dest): name{page.929} has been referenced but does not exist, r
eplaced by a fixed one

pdfTeX warning (dest): name{page.919} has been referenced but does not exist, r
eplaced by a fixed one

pdfTeX warning (dest): name{page.912} has been referenced but does not exist, r
eplaced by a fixed one

pdfTeX warning (dest): name{page.906} has been referenced but does not exist, r
eplaced by a fixed one

pdfTeX warning (dest): name{page.896} has been referenced but does not exist, r
eplaced by a fixed one

pdfTeX warning (dest): name{page.884} has been referenced but does not exist, r
eplaced by a fixed one

pdfTeX warning (dest): name{page.875} has been referenced but does not exist, r
eplaced by a fixed one

pdfTeX warning (dest): name{page.864} has been referenced but does not exist, r
eplaced by a fixed one

pdfTeX warning (dest): name{page.854} has been referenced but does not exist, r
eplaced by a fixed one

pdfTeX warning (dest): name{page.844} has been referenced but does not exist, r
eplaced by a fixed one

pdfTeX warning (dest): name{page.834} has been referenced but does not exist, r
eplaced by a fixed one

pdfTeX warning (dest): name{page.824} has been referenced but does not exist, r
eplaced by a fixed one

pdfTeX warning (dest): name{page.814} has been referenced but does not exist, r
eplaced by a fixed one

pdfTeX warning (dest): name{page.804} has been referenced but does not exist, r
eplaced by a fixed one

pdfTeX warning (dest): name{page.794} has been referenced but does not exist, r
eplaced by a fixed one

pdfTeX warning (dest): name{page.782} has been referenced but does not exist, r
eplaced by a fixed one

pdfTeX warning (dest): name{page.776} has been referenced but does not exist, r
eplaced by a fixed one

pdfTeX warning (dest): name{page.769} has been referenced but does not exist, r
eplaced by a fixed one

pdfTeX warning (dest): name{page.757} has been referenced but does not exist, r
eplaced by a fixed one

pdfTeX warning (dest): name{page.746} has been referenced but does not exist, r
eplaced by a fixed one

pdfTeX warning (dest): name{page.736} has been referenced but does not exist, r
eplaced by a fixed one

pdfTeX warning (dest): name{page.730} has been referenced but does not exist, r
eplaced by a fixed one

pdfTeX warning (dest): name{page.723} has been referenced but does not exist, r
eplaced by a fixed one

pdfTeX warning (dest): name{page.713} has been referenced but does not exist, r
eplaced by a fixed one

pdfTeX warning (dest): name{page.701} has been referenced but does not exist, r
eplaced by a fixed one

pdfTeX warning (dest): name{page.690} has been referenced but does not exist, r
eplaced by a fixed one

pdfTeX warning (dest): name{page.679} has been referenced but does not exist, r
eplaced by a fixed one

pdfTeX warning (dest): name{page.668} has been referenced but does not exist, r
eplaced by a fixed one

pdfTeX warning (dest): name{page.657} has been referenced but does not exist, r
eplaced by a fixed one

pdfTeX warning (dest): name{page.647} has been referenced but does not exist, r
eplaced by a fixed one

pdfTeX warning (dest): name{page.636} has been referenced but does not exist, r
eplaced by a fixed one

pdfTeX warning (dest): name{page.626} has been referenced but does not exist, r
eplaced by a fixed one

pdfTeX warning (dest): name{page.615} has been referenced but does not exist, r
eplaced by a fixed one

pdfTeX warning (dest): name{page.604} has been referenced but does not exist, r
eplaced by a fixed one

pdfTeX warning (dest): name{page.593} has been referenced but does not exist, r
eplaced by a fixed one

pdfTeX warning (dest): name{page.583} has been referenced but does not exist, r
eplaced by a fixed one

pdfTeX warning (dest): name{page.573} has been referenced but does not exist, r
eplaced by a fixed one

pdfTeX warning (dest): name{page.562} has been referenced but does not exist, r
eplaced by a fixed one

pdfTeX warning (dest): name{page.556} has been referenced but does not exist, r
eplaced by a fixed one

pdfTeX warning (dest): name{page.549} has been referenced but does not exist, r
eplaced by a fixed one

pdfTeX warning (dest): name{page.543} has been referenced but does not exist, r
eplaced by a fixed one

pdfTeX warning (dest): name{page.536} has been referenced but does not exist, r
eplaced by a fixed one

pdfTeX warning (dest): name{page.530} has been referenced but does not exist, r
eplaced by a fixed one

pdfTeX warning (dest): name{page.520} has been referenced but does not exist, r
eplaced by a fixed one

pdfTeX warning (dest): name{page.511} has been referenced but does not exist, r
eplaced by a fixed one

pdfTeX warning (dest): name{page.501} has been referenced but does not exist, r
eplaced by a fixed one

pdfTeX warning (dest): name{page.491} has been referenced but does not exist, r
eplaced by a fixed one

pdfTeX warning (dest): name{page.481} has been referenced but does not exist, r
eplaced by a fixed one

pdfTeX warning (dest): name{page.471} has been referenced but does not exist, r
eplaced by a fixed one

pdfTeX warning (dest): name{page.461} has been referenced but does not exist, r
eplaced by a fixed one

pdfTeX warning (dest): name{page.455} has been referenced but does not exist, r
eplaced by a fixed one

pdfTeX warning (dest): name{page.444} has been referenced but does not exist, r
eplaced by a fixed one

pdfTeX warning (dest): name{page.438} has been referenced but does not exist, r
eplaced by a fixed one

pdfTeX warning (dest): name{page.431} has been referenced but does not exist, r
eplaced by a fixed one

pdfTeX warning (dest): name{page.420} has been referenced but does not exist, r
eplaced by a fixed one

pdfTeX warning (dest): name{page.410} has been referenced but does not exist, r
eplaced by a fixed one

pdfTeX warning (dest): name{page.399} has been referenced but does not exist, r
eplaced by a fixed one

pdfTeX warning (dest): name{page.390} has been referenced but does not exist, r
eplaced by a fixed one

pdfTeX warning (dest): name{page.381} has been referenced but does not exist, r
eplaced by a fixed one

pdfTeX warning (dest): name{page.370} has been referenced but does not exist, r
eplaced by a fixed one

pdfTeX warning (dest): name{page.361} has been referenced but does not exist, r
eplaced by a fixed one

pdfTeX warning (dest): name{page.349} has been referenced but does not exist, r
eplaced by a fixed one

pdfTeX warning (dest): name{page.338} has been referenced but does not exist, r
eplaced by a fixed one

pdfTeX warning (dest): name{page.327} has been referenced but does not exist, r
eplaced by a fixed one

pdfTeX warning (dest): name{page.321} has been referenced but does not exist, r
eplaced by a fixed one

pdfTeX warning (dest): name{page.316} has been referenced but does not exist, r
eplaced by a fixed one

pdfTeX warning (dest): name{page.310} has been referenced but does not exist, r
eplaced by a fixed one

pdfTeX warning (dest): name{page.304} has been referenced but does not exist, r
eplaced by a fixed one

pdfTeX warning (dest): name{page.298} has been referenced but does not exist, r
eplaced by a fixed one

pdfTeX warning (dest): name{page.292} has been referenced but does not exist, r
eplaced by a fixed one

pdfTeX warning (dest): name{page.286} has been referenced but does not exist, r
eplaced by a fixed one

pdfTeX warning (dest): name{page.274} has been referenced but does not exist, r
eplaced by a fixed one

pdfTeX warning (dest): name{page.264} has been referenced but does not exist, r
eplaced by a fixed one

pdfTeX warning (dest): name{page.254} has been referenced but does not exist, r
eplaced by a fixed one

pdfTeX warning (dest): name{page.244} has been referenced but does not exist, r
eplaced by a fixed one

pdfTeX warning (dest): name{page.233} has been referenced but does not exist, r
eplaced by a fixed one

pdfTeX warning (dest): name{page.221} has been referenced but does not exist, r
eplaced by a fixed one

pdfTeX warning (dest): name{page.210} has been referenced but does not exist, r
eplaced by a fixed one

pdfTeX warning (dest): name{page.198} has been referenced but does not exist, r
eplaced by a fixed one

pdfTeX warning (dest): name{page.188} has been referenced but does not exist, r
eplaced by a fixed one

pdfTeX warning (dest): name{page.177} has been referenced but does not exist, r
eplaced by a fixed one

pdfTeX warning (dest): name{page.167} has been referenced but does not exist, r
eplaced by a fixed one

pdfTeX warning (dest): name{page.157} has been referenced but does not exist, r
eplaced by a fixed one

pdfTeX warning (dest): name{page.146} has been referenced but does not exist, r
eplaced by a fixed one

pdfTeX warning (dest): name{page.136} has been referenced but does not exist, r
eplaced by a fixed one

pdfTeX warning (dest): name{page.125} has been referenced but does not exist, r
eplaced by a fixed one

pdfTeX warning (dest): name{page.113} has been referenced but does not exist, r
eplaced by a fixed one

pdfTeX warning (dest): name{page.102} has been referenced but does not exist, r
eplaced by a fixed one

pdfTeX warning (dest): name{page.89} has been referenced but does not exist, re
placed by a fixed one

pdfTeX warning (dest): name{page.78} has been referenced but does not exist, re
placed by a fixed one

pdfTeX warning (dest): name{page.68} has been referenced but does not exist, re
placed by a fixed one

pdfTeX warning (dest): name{page.57} has been referenced but does not exist, re
placed by a fixed one

pdfTeX warning (dest): name{page.46} has been referenced but does not exist, re
placed by a fixed one

pdfTeX warning (dest): name{page.35} has been referenced but does not exist, re
placed by a fixed one

pdfTeX warning (dest): name{page.24} has been referenced but does not exist, re
placed by a fixed one

pdfTeX warning (dest): name{page.12} has been referenced but does not exist, re
placed by a fixed one

pdfTeX warning (dest): name{page.1} has been referenced but does not exist, rep
laced by a fixed one

{/usr/share/texmf/fonts/enc/dvips/base/8r.enc}</usr/share/texmf/fonts/type1/blu
esky/cm/cmsy10.pfb></usr/share/texmf/fonts/type1/urw/courier/ucrr8a.pfb></usr/s
hare/texmf/fonts/type1/urw/times/utmb8a.pfb></usr/share/texmf/fonts/type1/urw/t
imes/utmbi8a.pfb></usr/share/texmf/fonts/type1/urw/times/utmr8a.pfb></usr/share
/texmf/fonts/type1/urw/times/utmri8a.pfb>
Output written on frontmatter.pdf (74 pages, 482987 bytes).
PDF statistics:
 1900 PDF objects out of 2073 (max. 8388607)
 397 named destinations out of 1000 (max. 131072)
 135 words of extra memory for PDF output out of 10000 (max. 10000000)

